# JRE version: Java(TM) SE Runtime Environment (8.0_181-b13) (build 1.8.0_181-b13)
# Java VM: Java HotSpot(TM) 64-Bit Server VM (25.181-b13 mixed mode linux-amd64 compressed oops)
Heap:
 PSYoungGen      total 602624K, used 5856K [0x000000076cf80000, 0x0000000795300000, 0x00000007c0000000)
  eden space 563200K, 0% used [0x000000076cf80000,0x000000076cf80000,0x000000078f580000)
  from space 39424K, 14% used [0x000000078f580000,0x000000078fb38020,0x0000000791c00000)
  to   space 38912K, 0% used [0x0000000791c00000,0x0000000791c00000,0x0000000794200000)
 ParOldGen       total 124416K, used 91151K [0x00000006c6e00000, 0x00000006ce780000, 0x000000076cf80000)
  object space 124416K, 73% used [0x00000006c6e00000,0x00000006cc703cd8,0x00000006ce780000)
 Metaspace       used 27190K, capacity 28156K, committed 28464K, reserved 1075200K
  class space    used 3066K, capacity 3301K, committed 3376K, reserved 1048576K
GC Heap History (10 events):
Event: 5,070 GC heap after
Heap after GC invocations=7 (full 1):
 PSYoungGen      total 276992K, used 0K [0x000000076cf80000, 0x000000077f180000, 0x00000007c0000000)
  eden space 258048K, 0% used [0x000000076cf80000,0x000000076cf80000,0x000000077cb80000)
  from space 18944K, 0% used [0x000000077df00000,0x000000077df00000,0x000000077f180000)
  to   space 19456K, 0% used [0x000000077cb80000,0x000000077cb80000,0x000000077de80000)
 ParOldGen       total 124416K, used 25949K [0x00000006c6e00000, 0x00000006ce780000, 0x000000076cf80000)
  object space 124416K, 20% used [0x00000006c6e00000,0x00000006c8757490,0x00000006ce780000)
 Metaspace       used 20592K, capacity 21262K, committed 21296K, reserved 1069056K
  class space    used 2399K, capacity 2578K, committed 2608K, reserved 1048576K
}
Event: 8,343 GC heap before
{Heap before GC invocations=8 (full 1):
 PSYoungGen      total 276992K, used 258048K [0x000000076cf80000, 0x000000077f180000, 0x00000007c0000000)
  eden space 258048K, 100% used [0x000000076cf80000,0x000000077cb80000,0x000000077cb80000)
  from space 18944K, 0% used [0x000000077df00000,0x000000077df00000,0x000000077f180000)
  to   space 19456K, 0% used [0x000000077cb80000,0x000000077cb80000,0x000000077de80000)
 ParOldGen       total 124416K, used 25949K [0x00000006c6e00000, 0x00000006ce780000, 0x000000076cf80000)
  object space 124416K, 20% used [0x00000006c6e00000,0x00000006c8757490,0x00000006ce780000)
 Metaspace       used 25204K, capacity 26066K, committed 26160K, reserved 1073152K
  class space    used 2855K, capacity 3070K, committed 3120K, reserved 1048576K
Event: 8,465 GC heap after
Heap after GC invocations=8 (full 1):
 PSYoungGen      total 277504K, used 19454K [0x000000076cf80000, 0x000000078bc80000, 0x00000007c0000000)
  eden space 258048K, 0% used [0x000000076cf80000,0x000000076cf80000,0x000000077cb80000)
  from space 19456K, 99% used [0x000000077cb80000,0x000000077de7faf0,0x000000077de80000)
  to   space 40960K, 0% used [0x0000000789480000,0x0000000789480000,0x000000078bc80000)
 ParOldGen       total 124416K, used 64343K [0x00000006c6e00000, 0x00000006ce780000, 0x000000076cf80000)
  object space 124416K, 51% used [0x00000006c6e00000,0x00000006cacd5d68,0x00000006ce780000)
 Metaspace       used 25204K, capacity 26066K, committed 26160K, reserved 1073152K
  class space    used 2855K, capacity 3070K, committed 3120K, reserved 1048576K
}
Event: 9,469 GC heap before
{Heap before GC invocations=9 (full 1):
 PSYoungGen      total 277504K, used 277502K [0x000000076cf80000, 0x000000078bc80000, 0x00000007c0000000)
  eden space 258048K, 100% used [0x000000076cf80000,0x000000077cb80000,0x000000077cb80000)
  from space 19456K, 99% used [0x000000077cb80000,0x000000077de7faf0,0x000000077de80000)
  to   space 40960K, 0% used [0x0000000789480000,0x0000000789480000,0x000000078bc80000)
 ParOldGen       total 124416K, used 64343K [0x00000006c6e00000, 0x00000006ce780000, 0x000000076cf80000)
  object space 124416K, 51% used [0x00000006c6e00000,0x00000006cacd5d68,0x00000006ce780000)
 Metaspace       used 26728K, capacity 27538K, committed 27568K, reserved 1073152K
  class space    used 3033K, capacity 3246K, committed 3248K, reserved 1048576K
Event: 9,484 GC heap after
Heap after GC invocations=9 (full 1):
 PSYoungGen      total 442368K, used 21786K [0x000000076cf80000, 0x000000078b080000, 0x00000007c0000000)
  eden space 413696K, 0% used [0x000000076cf80000,0x000000076cf80000,0x0000000786380000)
  from space 28672K, 75% used [0x0000000789480000,0x000000078a9c6af8,0x000000078b080000)
  to   space 39424K, 0% used [0x0000000786380000,0x0000000786380000,0x0000000788a00000)
 ParOldGen       total 124416K, used 64351K [0x00000006c6e00000, 0x00000006ce780000, 0x000000076cf80000)
  object space 124416K, 51% used [0x00000006c6e00000,0x00000006cacd7d68,0x00000006ce780000)
 Metaspace       used 26728K, capacity 27538K, committed 27568K, reserved 1073152K
  class space    used 3033K, capacity 3246K, committed 3248K, reserved 1048576K
}
Event: 10,330 GC heap before
{Heap before GC invocations=10 (full 1):
 PSYoungGen      total 442368K, used 435482K [0x000000076cf80000, 0x000000078b080000, 0x00000007c0000000)
  eden space 413696K, 100% used [0x000000076cf80000,0x0000000786380000,0x0000000786380000)
  from space 28672K, 75% used [0x0000000789480000,0x000000078a9c6af8,0x000000078b080000)
  to   space 39424K, 0% used [0x0000000786380000,0x0000000786380000,0x0000000788a00000)
 ParOldGen       total 124416K, used 64351K [0x00000006c6e00000, 0x00000006ce780000, 0x000000076cf80000)
  object space 124416K, 51% used [0x00000006c6e00000,0x00000006cacd7d68,0x00000006ce780000)
 Metaspace       used 26911K, capacity 27818K, committed 27952K, reserved 1073152K
  class space    used 3038K, capacity 3250K, committed 3376K, reserved 1048576K
Event: 10,356 GC heap after
Heap after GC invocations=10 (full 1):
 PSYoungGen      total 453120K, used 23759K [0x000000076cf80000, 0x0000000794200000, 0x00000007c0000000)
  eden space 413696K, 0% used [0x000000076cf80000,0x000000076cf80000,0x0000000786380000)
  from space 39424K, 60% used [0x0000000786380000,0x0000000787ab3cb0,0x0000000788a00000)
  to   space 38912K, 0% used [0x0000000791c00000,0x0000000791c00000,0x0000000794200000)
 ParOldGen       total 124416K, used 64359K [0x00000006c6e00000, 0x00000006ce780000, 0x000000076cf80000)
  object space 124416K, 51% used [0x00000006c6e00000,0x00000006cacd9d68,0x00000006ce780000)
 Metaspace       used 26911K, capacity 27818K, committed 27952K, reserved 1073152K
  class space    used 3038K, capacity 3250K, committed 3376K, reserved 1048576K
}
Event: 10,784 GC heap before
{Heap before GC invocations=11 (full 1):
 PSYoungGen      total 453120K, used 437455K [0x000000076cf80000, 0x0000000794200000, 0x00000007c0000000)
  eden space 413696K, 100% used [0x000000076cf80000,0x0000000786380000,0x0000000786380000)
  from space 39424K, 60% used [0x0000000786380000,0x0000000787ab3cb0,0x0000000788a00000)
  to   space 38912K, 0% used [0x0000000791c00000,0x0000000791c00000,0x0000000794200000)
 ParOldGen       total 124416K, used 64359K [0x00000006c6e00000, 0x00000006ce780000, 0x000000076cf80000)
  object space 124416K, 51% used [0x00000006c6e00000,0x00000006cacd9d68,0x00000006ce780000)
 Metaspace       used 27089K, capacity 27974K, committed 28208K, reserved 1075200K
  class space    used 3061K, capacity 3292K, committed 3376K, reserved 1048576K
Event: 10,815 GC heap after
Heap after GC invocations=11 (full 1):
 PSYoungGen      total 602112K, used 6400K [0x000000076cf80000, 0x0000000795300000, 0x00000007c0000000)
  eden space 563200K, 0% used [0x000000076cf80000,0x000000076cf80000,0x000000078f580000)
  from space 38912K, 16% used [0x0000000791c00000,0x0000000792240010,0x0000000794200000)
  to   space 39424K, 0% used [0x000000078f580000,0x000000078f580000,0x0000000791c00000)
 ParOldGen       total 124416K, used 84903K [0x00000006c6e00000, 0x00000006ce780000, 0x000000076cf80000)
  object space 124416K, 68% used [0x00000006c6e00000,0x00000006cc0e9cc8,0x00000006ce780000)
 Metaspace       used 27089K, capacity 27974K, committed 28208K, reserved 1075200K
  class space    used 3061K, capacity 3292K, committed 3376K, reserved 1048576K
}
Event: 127,359 GC heap before
{Heap before GC invocations=12 (full 1):
 PSYoungGen      total 602112K, used 569600K [0x000000076cf80000, 0x0000000795300000, 0x00000007c0000000)
  eden space 563200K, 100% used [0x000000076cf80000,0x000000078f580000,0x000000078f580000)
  from space 38912K, 16% used [0x0000000791c00000,0x0000000792240010,0x0000000794200000)
  to   space 39424K, 0% used [0x000000078f580000,0x000000078f580000,0x0000000791c00000)
 ParOldGen       total 124416K, used 84903K [0x00000006c6e00000, 0x00000006ce780000, 0x000000076cf80000)
  object space 124416K, 68% used [0x00000006c6e00000,0x00000006cc0e9cc8,0x00000006ce780000)
 Metaspace       used 27190K, capacity 28156K, committed 28464K, reserved 1075200K
  class space    used 3066K, capacity 3301K, committed 3376K, reserved 1048576K

