# JRE version: Java(TM) SE Runtime Environment (8.0_181-b13) (build 1.8.0_181-b13)
# Java VM: Java HotSpot(TM) 64-Bit Server VM (25.181-b13 mixed mode linux-amd64 compressed oops)
Heap:
 PSYoungGen      total 168448K, used 2777K [0x000000076cf80000, 0x000000077d000000, 0x00000007c0000000)
  eden space 154112K, 1% used [0x000000076cf80000,0x000000076d236508,0x0000000776600000)
  from space 14336K, 0% used [0x0000000776600000,0x0000000776600000,0x0000000777400000)
  to   space 16384K, 0% used [0x000000077c000000,0x000000077c000000,0x000000077d000000)
 ParOldGen       total 159232K, used 19183K [0x00000006c6e00000, 0x00000006d0980000, 0x000000076cf80000)
  object space 159232K, 12% used [0x00000006c6e00000,0x00000006c80bbd50,0x00000006d0980000)
 Metaspace       used 34307K, capacity 35598K, committed 35752K, reserved 1081344K
  class space    used 4320K, capacity 4585K, committed 4656K, reserved 1048576K
GC Heap History (10 events):
Event: 8,996 GC heap before
{Heap before GC invocations=5 (full 1):
 PSYoungGen      total 74752K, used 64512K [0x000000076cf80000, 0x0000000776180000, 0x00000007c0000000)
  eden space 64512K, 100% used [0x000000076cf80000,0x0000000770e80000,0x0000000770e80000)
  from space 10240K, 0% used [0x0000000770e80000,0x0000000770e80000,0x0000000771880000)
  to   space 10240K, 0% used [0x0000000775780000,0x0000000775780000,0x0000000776180000)
 ParOldGen       total 100352K, used 8891K [0x00000006c6e00000, 0x00000006cd000000, 0x000000076cf80000)
  object space 100352K, 8% used [0x00000006c6e00000,0x00000006c76aeed8,0x00000006cd000000)
 Metaspace       used 24203K, capacity 24870K, committed 25136K, reserved 1071104K
  class space    used 3087K, capacity 3259K, committed 3376K, reserved 1048576K
Event: 9,019 GC heap after
Heap after GC invocations=5 (full 1):
 PSYoungGen      total 104960K, used 4753K [0x000000076cf80000, 0x0000000775c80000, 0x00000007c0000000)
  eden space 99840K, 0% used [0x000000076cf80000,0x000000076cf80000,0x0000000773100000)
  from space 5120K, 92% used [0x0000000775780000,0x0000000775c24688,0x0000000775c80000)
  to   space 10240K, 0% used [0x0000000774880000,0x0000000774880000,0x0000000775280000)
 ParOldGen       total 100352K, used 8963K [0x00000006c6e00000, 0x00000006cd000000, 0x000000076cf80000)
  object space 100352K, 8% used [0x00000006c6e00000,0x00000006c76c0ee8,0x00000006cd000000)
 Metaspace       used 24203K, capacity 24870K, committed 25136K, reserved 1071104K
  class space    used 3087K, capacity 3259K, committed 3376K, reserved 1048576K
}
Event: 11,159 GC heap before
{Heap before GC invocations=6 (full 1):
 PSYoungGen      total 104960K, used 104593K [0x000000076cf80000, 0x0000000775c80000, 0x00000007c0000000)
  eden space 99840K, 100% used [0x000000076cf80000,0x0000000773100000,0x0000000773100000)
  from space 5120K, 92% used [0x0000000775780000,0x0000000775c24688,0x0000000775c80000)
  to   space 10240K, 0% used [0x0000000774880000,0x0000000774880000,0x0000000775280000)
 ParOldGen       total 100352K, used 8963K [0x00000006c6e00000, 0x00000006cd000000, 0x000000076cf80000)
  object space 100352K, 8% used [0x00000006c6e00000,0x00000006c76c0ee8,0x00000006cd000000)
 Metaspace       used 26840K, capacity 27638K, committed 27952K, reserved 1073152K
  class space    used 3346K, capacity 3547K, committed 3632K, reserved 1048576K
Event: 11,240 GC heap after
Heap after GC invocations=6 (full 1):
 PSYoungGen      total 134144K, used 8837K [0x000000076cf80000, 0x0000000777f00000, 0x00000007c0000000)
  eden space 123904K, 0% used [0x000000076cf80000,0x000000076cf80000,0x0000000774880000)
  from space 10240K, 86% used [0x0000000774880000,0x0000000775121798,0x0000000775280000)
  to   space 11264K, 0% used [0x0000000777400000,0x0000000777400000,0x0000000777f00000)
 ParOldGen       total 100352K, used 8963K [0x00000006c6e00000, 0x00000006cd000000, 0x000000076cf80000)
  object space 100352K, 8% used [0x00000006c6e00000,0x00000006c76c0ee8,0x00000006cd000000)
 Metaspace       used 26840K, capacity 27638K, committed 27952K, reserved 1073152K
  class space    used 3346K, capacity 3547K, committed 3632K, reserved 1048576K
}
Event: 15,997 GC heap before
{Heap before GC invocations=7 (full 1):
 PSYoungGen      total 134144K, used 132741K [0x000000076cf80000, 0x0000000777f00000, 0x00000007c0000000)
  eden space 123904K, 100% used [0x000000076cf80000,0x0000000774880000,0x0000000774880000)
  from space 10240K, 86% used [0x0000000774880000,0x0000000775121798,0x0000000775280000)
  to   space 11264K, 0% used [0x0000000777400000,0x0000000777400000,0x0000000777f00000)
 ParOldGen       total 100352K, used 8963K [0x00000006c6e00000, 0x00000006cd000000, 0x000000076cf80000)
  object space 100352K, 8% used [0x00000006c6e00000,0x00000006c76c0ee8,0x00000006cd000000)
 Metaspace       used 31062K, capacity 32108K, committed 32432K, reserved 1077248K
  class space    used 3906K, capacity 4146K, committed 4272K, reserved 1048576K
Event: 16,040 GC heap after
Heap after GC invocations=7 (full 1):
 PSYoungGen      total 165376K, used 11260K [0x000000076cf80000, 0x000000077a500000, 0x00000007c0000000)
  eden space 154112K, 0% used [0x000000076cf80000,0x000000076cf80000,0x0000000776600000)
  from space 11264K, 99% used [0x0000000777400000,0x0000000777eff3b8,0x0000000777f00000)
  to   space 14336K, 0% used [0x0000000776600000,0x0000000776600000,0x0000000777400000)
 ParOldGen       total 100352K, used 11807K [0x00000006c6e00000, 0x00000006cd000000, 0x000000076cf80000)
  object space 100352K, 11% used [0x00000006c6e00000,0x00000006c7987c48,0x00000006cd000000)
 Metaspace       used 31062K, capacity 32108K, committed 32432K, reserved 1077248K
  class space    used 3906K, capacity 4146K, committed 4272K, reserved 1048576K
}
Event: 20,191 GC heap before
{Heap before GC invocations=8 (full 1):
 PSYoungGen      total 165376K, used 76619K [0x000000076cf80000, 0x000000077a500000, 0x00000007c0000000)
  eden space 154112K, 42% used [0x000000076cf80000,0x0000000770f538a0,0x0000000776600000)
  from space 11264K, 99% used [0x0000000777400000,0x0000000777eff3b8,0x0000000777f00000)
  to   space 14336K, 0% used [0x0000000776600000,0x0000000776600000,0x0000000777400000)
 ParOldGen       total 100352K, used 11807K [0x00000006c6e00000, 0x00000006cd000000, 0x000000076cf80000)
  object space 100352K, 11% used [0x00000006c6e00000,0x00000006c7987c48,0x00000006cd000000)
 Metaspace       used 34103K, capacity 35292K, committed 35496K, reserved 1081344K
  class space    used 4286K, capacity 4550K, committed 4656K, reserved 1048576K
Event: 20,232 GC heap after
Heap after GC invocations=8 (full 1):
 PSYoungGen      total 168448K, used 14312K [0x000000076cf80000, 0x000000077d000000, 0x00000007c0000000)
  eden space 154112K, 0% used [0x000000076cf80000,0x000000076cf80000,0x0000000776600000)
  from space 14336K, 99% used [0x0000000776600000,0x00000007773fa208,0x0000000777400000)
  to   space 16384K, 0% used [0x000000077c000000,0x000000077c000000,0x000000077d000000)
 ParOldGen       total 100352K, used 11924K [0x00000006c6e00000, 0x00000006cd000000, 0x000000076cf80000)
  object space 100352K, 11% used [0x00000006c6e00000,0x00000006c79a5050,0x00000006cd000000)
 Metaspace       used 34103K, capacity 35292K, committed 35496K, reserved 1081344K
  class space    used 4286K, capacity 4550K, committed 4656K, reserved 1048576K
}
Event: 20,232 GC heap before
{Heap before GC invocations=9 (full 2):
 PSYoungGen      total 168448K, used 14312K [0x000000076cf80000, 0x000000077d000000, 0x00000007c0000000)
  eden space 154112K, 0% used [0x000000076cf80000,0x000000076cf80000,0x0000000776600000)
  from space 14336K, 99% used [0x0000000776600000,0x00000007773fa208,0x0000000777400000)
  to   space 16384K, 0% used [0x000000077c000000,0x000000077c000000,0x000000077d000000)
 ParOldGen       total 100352K, used 11924K [0x00000006c6e00000, 0x00000006cd000000, 0x000000076cf80000)
  object space 100352K, 11% used [0x00000006c6e00000,0x00000006c79a5050,0x00000006cd000000)
 Metaspace       used 34103K, capacity 35292K, committed 35496K, reserved 1081344K
  class space    used 4286K, capacity 4550K, committed 4656K, reserved 1048576K
Event: 20,518 GC heap after
Heap after GC invocations=9 (full 2):
 PSYoungGen      total 168448K, used 0K [0x000000076cf80000, 0x000000077d000000, 0x00000007c0000000)
  eden space 154112K, 0% used [0x000000076cf80000,0x000000076cf80000,0x0000000776600000)
  from space 14336K, 0% used [0x0000000776600000,0x0000000776600000,0x0000000777400000)
  to   space 16384K, 0% used [0x000000077c000000,0x000000077c000000,0x000000077d000000)
 ParOldGen       total 159232K, used 19183K [0x00000006c6e00000, 0x00000006d0980000, 0x000000076cf80000)
  object space 159232K, 12% used [0x00000006c6e00000,0x00000006c80bbd50,0x00000006d0980000)
 Metaspace       used 34103K, capacity 35292K, committed 35496K, reserved 1081344K
  class space    used 4286K, capacity 4550K, committed 4656K, reserved 1048576K
}

